[2019-03-28 18:53:39] ppr.INFO: Kernel ha sido lanzado [] []
[2019-03-28 19:01:31] ppr.INFO: Kernel ha sido lanzado [] []
[2019-03-29 11:03:07] ppr.INFO: Kernel ha sido lanzado [] []
[2019-03-29 11:03:25] ppr.INFO: Kernel ha sido lanzado [] []
[2019-03-29 11:03:42] ppr.INFO: Kernel ha sido lanzado [] []
[2019-03-29 11:04:04] ppr.INFO: Kernel ha sido lanzado [] []
[2019-03-29 11:04:15] ppr.INFO: Kernel ha sido lanzado [] []
[2019-03-29 11:04:40] ppr.INFO: Kernel ha sido lanzado [] []
[2019-03-29 11:05:00] ppr.INFO: Kernel ha sido lanzado [] []
[2019-03-29 11:05:12] ppr.INFO: Kernel ha sido lanzado [] []
[2019-03-29 11:05:23] ppr.INFO: Kernel ha sido lanzado [] []
[2019-03-29 11:05:44] ppr.INFO: Kernel ha sido lanzado [] []
[2019-03-29 13:06:55] ppr.INFO: Kernel ha sido lanzado [] []
[2019-03-29 13:07:33] ppr.INFO: Kernel ha sido lanzado [] []
[2019-03-29 13:07:43] ppr.INFO: Kernel ha sido lanzado [] []
[2019-03-29 13:08:11] ppr.INFO: Kernel ha sido lanzado [] []
[2019-03-29 13:10:16] ppr.INFO: Kernel ha sido lanzado [] []
[2019-03-29 13:11:00] ppr.INFO: Kernel ha sido lanzado [] []
[2019-03-31 15:36:12] ppr.INFO: Kernel ha sido lanzado [] []
[2019-03-31 15:37:23] ppr.INFO: Kernel ha sido lanzado [] []
[2019-03-31 15:38:51] ppr.INFO: Kernel ha sido lanzado [] []
[2019-03-31 15:39:00] ppr.INFO: Kernel ha sido lanzado [] []
[2019-03-31 15:39:19] ppr.INFO: Kernel ha sido lanzado [] []
[2019-03-31 15:39:22] ppr.INFO: Kernel ha sido lanzado [] []
[2019-03-31 15:40:13] ppr.INFO: Kernel ha sido lanzado [] []
[2019-03-31 15:40:19] ppr.INFO: Kernel ha sido lanzado [] []
[2019-03-31 16:34:33] ppr.INFO: Kernel ha sido lanzado [] []
[2019-03-31 16:34:33] ppr.INFO: Ruta solicitada:  {"Controlador":null,"Accion":"index"} []
[2019-03-31 16:34:47] ppr.INFO: Kernel ha sido lanzado [] []
[2019-03-31 16:34:47] ppr.INFO: Ruta solicitada:  {"Controlador":null,"Accion":"index"} []
[2019-03-31 16:37:05] ppr.INFO: Kernel ha sido lanzado [] []
[2019-03-31 16:37:05] ppr.INFO: Ruta solicitada:  {"Controlador":null,"Accion":"index"} []
[2019-03-31 16:37:10] ppr.INFO: Kernel ha sido lanzado [] []
[2019-03-31 16:37:10] ppr.INFO: Ruta solicitada:  {"Controlador":null,"Accion":"index"} []
[2019-03-31 16:37:14] ppr.INFO: Kernel ha sido lanzado [] []
[2019-03-31 16:37:14] ppr.INFO: Ruta solicitada:  {"Controlador":null,"Accion":"index"} []
[2019-03-31 17:21:18] ppr.INFO: Kernel ha sido lanzado [] []
[2019-03-31 17:21:18] ppr.INFO: Ruta solicitada:  {"Controlador":null,"Accion":"index"} []
[2019-03-31 17:22:44] ppr.INFO: Kernel ha sido lanzado [] []
[2019-03-31 17:22:44] ppr.INFO: Ruta solicitada:  {"Controlador":null,"Accion":"index"} []
[2019-04-01 10:18:00] ppr.INFO: Kernel ha sido lanzado [] []
[2019-04-01 10:18:00] ppr.INFO: Ruta solicitada:  {"Controlador":null,"Accion":"index"} []
[2019-04-01 10:18:03] ppr.INFO: Kernel ha sido lanzado [] []
[2019-04-01 10:18:03] ppr.INFO: Ruta solicitada:  {"Controlador":null,"Accion":"index"} []
[2019-04-01 10:18:15] ppr.INFO: Kernel ha sido lanzado [] []
[2019-04-01 10:18:15] ppr.INFO: Ruta solicitada:  {"Controlador":null,"Accion":"id"} []
[2019-04-01 10:18:18] ppr.INFO: Kernel ha sido lanzado [] []
[2019-04-01 10:18:18] ppr.INFO: Ruta solicitada:  {"Controlador":null,"Accion":"index"} []
[2019-04-01 11:30:22] ppr.INFO: Kernel ha sido lanzado [] []
[2019-04-01 11:30:22] ppr.INFO: Ruta solicitada:  {"Controlador":null,"Accion":"index"} []
[2019-04-01 11:31:06] ppr.INFO: Kernel ha sido lanzado [] []
[2019-04-01 11:31:06] ppr.INFO: Ruta solicitada:  {"Controlador":null,"Accion":"index"} []
[2019-04-01 11:32:00] ppr.INFO: Kernel ha sido lanzado [] []
[2019-04-01 11:32:00] ppr.INFO: Ruta solicitada:  {"Controlador":null,"Accion":"index"} []
[2019-04-01 11:32:12] ppr.INFO: Kernel ha sido lanzado [] []
[2019-04-01 11:32:12] ppr.INFO: Ruta solicitada:  {"Controlador":null,"Accion":"index"} []
[2019-04-01 11:35:00] ppr.INFO: Kernel ha sido lanzado [] []
[2019-04-01 11:35:00] ppr.INFO: Ruta solicitada:  {"Controlador":null,"Accion":"index"} []
[2019-04-01 11:35:18] ppr.INFO: Kernel ha sido lanzado [] []
[2019-04-01 11:35:18] ppr.INFO: Ruta solicitada:  {"Controlador":null,"Accion":"index"} []
[2019-04-01 11:42:19] ppr.INFO: Kernel ha sido lanzado [] []
[2019-04-01 11:42:19] ppr.INFO: Ruta solicitada:  {"Controlador":null,"Accion":"index"} []
[2019-04-01 11:49:15] ppr.INFO: Kernel ha sido lanzado [] []
[2019-04-01 11:49:15] ppr.INFO: Ruta solicitada:  {"Controlador":null,"Accion":"index"} []
[2019-04-01 11:49:30] ppr.INFO: Kernel ha sido lanzado [] []
[2019-04-01 11:49:30] ppr.INFO: Ruta solicitada:  {"Controlador":null,"Accion":"index"} []
[2019-04-01 11:57:40] ppr.INFO: Kernel ha sido lanzado [] []
[2019-04-01 11:57:40] ppr.INFO: Ruta solicitada:  {"Controlador":null,"Accion":"index"} []
[2019-04-01 11:57:49] ppr.INFO: Kernel ha sido lanzado [] []
[2019-04-01 11:57:49] ppr.INFO: Ruta solicitada:  {"Controlador":null,"Accion":"index"} []
[2019-04-03 12:39:06] ppr.INFO: Kernel ha sido lanzado [] []
[2019-04-03 12:39:06] ppr.INFO: Ruta solicitada:  {"Controlador":null,"Accion":"index"} []
[2019-04-03 12:40:46] ppr.INFO: Kernel ha sido lanzado [] []
[2019-04-03 12:40:46] ppr.INFO: Ruta solicitada:  {"Controlador":null,"Accion":"index"} []
[2019-04-03 12:40:58] ppr.INFO: Kernel ha sido lanzado [] []
[2019-04-03 12:40:58] ppr.INFO: Ruta solicitada:  {"Controlador":null,"Accion":"index"} []
[2019-04-03 13:21:38] ppr.INFO: Kernel ha sido lanzado [] []
[2019-04-03 13:21:38] ppr.INFO: Ruta solicitada:  {"Controlador":null,"Accion":"index"} []
[2019-04-03 13:21:51] ppr.INFO: Kernel ha sido lanzado [] []
[2019-04-03 13:21:51] ppr.INFO: Ruta solicitada:  {"Controlador":null,"Accion":"index"} []
[2019-04-03 13:22:19] ppr.INFO: Kernel ha sido lanzado [] []
[2019-04-03 13:22:19] ppr.INFO: Ruta solicitada:  {"Controlador":null,"Accion":"index"} []
[2019-04-03 13:22:28] ppr.INFO: Kernel ha sido lanzado [] []
[2019-04-03 13:22:28] ppr.INFO: Ruta solicitada:  {"Controlador":null,"Accion":"index"} []
[2019-04-03 13:23:34] ppr.INFO: Kernel ha sido lanzado [] []
[2019-04-03 13:23:34] ppr.INFO: Ruta solicitada:  {"Controlador":null,"Accion":"index"} []
[2019-04-04 10:19:49] ppr.INFO: Kernel ha sido lanzado [] []
[2019-04-04 10:19:49] ppr.INFO: Ruta solicitada:  {"Controlador":null,"Accion":"index"} []
[2019-04-04 10:19:53] ppr.INFO: Kernel ha sido lanzado [] []
[2019-04-04 10:19:53] ppr.INFO: Ruta solicitada:  {"Controlador":null,"Accion":"index"} []
[2019-04-04 10:19:57] ppr.INFO: Kernel ha sido lanzado [] []
[2019-04-04 10:19:57] ppr.INFO: Ruta solicitada:  {"Controlador":null,"Accion":"index"} []
[2019-04-04 10:24:35] ppr.INFO: Kernel ha sido lanzado [] []
[2019-04-04 10:24:35] ppr.INFO: Ruta solicitada:  {"Controlador":null,"Accion":"index"} []
[2019-04-04 10:24:36] ppr.INFO: Kernel ha sido lanzado [] []
[2019-04-04 10:24:36] ppr.INFO: Ruta solicitada:  {"Controlador":null,"Accion":"index"} []
[2019-04-04 10:24:37] ppr.INFO: Kernel ha sido lanzado [] []
[2019-04-04 10:24:37] ppr.INFO: Ruta solicitada:  {"Controlador":null,"Accion":"index"} []
[2019-04-04 10:24:40] ppr.INFO: Kernel ha sido lanzado [] []
[2019-04-04 10:24:40] ppr.INFO: Ruta solicitada:  {"Controlador":null,"Accion":"index"} []
[2019-04-04 10:24:54] ppr.INFO: Kernel ha sido lanzado [] []
[2019-04-04 10:24:54] ppr.INFO: Ruta solicitada:  {"Controlador":null,"Accion":"index"} []
[2019-04-04 10:24:59] ppr.INFO: Kernel ha sido lanzado [] []
[2019-04-04 10:24:59] ppr.INFO: Ruta solicitada:  {"Controlador":null,"Accion":"index"} []
[2019-04-04 10:25:14] ppr.INFO: Kernel ha sido lanzado [] []
[2019-04-04 10:25:14] ppr.INFO: Ruta solicitada:  {"Controlador":null,"Accion":"index"} []
[2019-04-04 10:27:45] ppr.INFO: Kernel ha sido lanzado [] []
[2019-04-04 10:27:45] ppr.INFO: Ruta solicitada:  {"Controlador":null,"Accion":"index"} []
[2019-04-04 10:28:07] ppr.INFO: Kernel ha sido lanzado [] []
[2019-04-04 10:28:07] ppr.INFO: Ruta solicitada:  {"Controlador":null,"Accion":"index"} []
[2019-04-04 10:28:11] ppr.INFO: Kernel ha sido lanzado [] []
[2019-04-04 10:28:11] ppr.INFO: Ruta solicitada:  {"Controlador":null,"Accion":"index"} []
[2019-04-04 10:28:40] ppr.INFO: Kernel ha sido lanzado [] []
[2019-04-04 10:28:40] ppr.INFO: Ruta solicitada:  {"Controlador":null,"Accion":"index"} []
[2019-04-04 10:31:36] ppr.INFO: Kernel ha sido lanzado [] []
[2019-04-04 10:31:36] ppr.INFO: Ruta solicitada:  {"Controlador":null,"Accion":"index"} []
[2019-04-04 10:32:00] ppr.INFO: Kernel ha sido lanzado [] []
[2019-04-04 10:32:00] ppr.INFO: Ruta solicitada:  {"Controlador":null,"Accion":"index"} []
[2019-04-04 10:32:11] ppr.INFO: Kernel ha sido lanzado [] []
[2019-04-04 10:32:11] ppr.INFO: Ruta solicitada:  {"Controlador":null,"Accion":"index"} []
[2019-04-04 10:32:20] ppr.INFO: Kernel ha sido lanzado [] []
[2019-04-04 10:32:20] ppr.INFO: Ruta solicitada:  {"Controlador":null,"Accion":"index"} []
[2019-04-04 10:46:53] ppr.INFO: Kernel ha sido lanzado [] []
[2019-04-04 10:46:53] ppr.INFO: Ruta solicitada:  {"Controlador":null,"Accion":"index"} []
[2019-04-04 10:47:21] ppr.INFO: Kernel ha sido lanzado [] []
[2019-04-04 10:47:21] ppr.INFO: Ruta solicitada:  {"Controlador":null,"Accion":"index"} []
[2019-04-04 10:47:25] ppr.INFO: Kernel ha sido lanzado [] []
[2019-04-04 10:47:25] ppr.INFO: Ruta solicitada:  {"Controlador":null,"Accion":"index"} []
[2019-04-04 10:47:28] ppr.INFO: Kernel ha sido lanzado [] []
[2019-04-04 10:47:28] ppr.INFO: Ruta solicitada:  {"Controlador":null,"Accion":"index"} []
[2019-04-04 10:47:44] ppr.INFO: Kernel ha sido lanzado [] []
[2019-04-04 10:47:44] ppr.INFO: Ruta solicitada:  {"Controlador":null,"Accion":"menu"} []
[2019-04-04 10:48:19] ppr.INFO: Kernel ha sido lanzado [] []
[2019-04-04 10:48:19] ppr.INFO: Ruta solicitada:  {"Controlador":null,"Accion":"menu"} []
[2019-04-04 10:50:22] ppr.INFO: Kernel ha sido lanzado [] []
[2019-04-04 10:50:22] ppr.INFO: Ruta solicitada:  {"Controlador":null,"Accion":"menu"} []
[2019-04-04 10:50:29] ppr.INFO: Kernel ha sido lanzado [] []
[2019-04-04 10:50:29] ppr.INFO: Ruta solicitada:  {"Controlador":null,"Accion":"index"} []
[2019-04-04 10:50:34] ppr.INFO: Kernel ha sido lanzado [] []
[2019-04-04 10:50:34] ppr.INFO: Ruta solicitada:  {"Controlador":null,"Accion":"index"} []
[2019-04-04 10:50:42] ppr.INFO: Kernel ha sido lanzado [] []
[2019-04-04 10:50:42] ppr.INFO: Ruta solicitada:  {"Controlador":null,"Accion":"index"} []
[2019-04-04 10:50:56] ppr.INFO: Kernel ha sido lanzado [] []
[2019-04-04 10:50:56] ppr.INFO: Ruta solicitada:  {"Controlador":null,"Accion":"index"} []
[2019-04-04 10:56:41] ppr.INFO: Kernel ha sido lanzado [] []
[2019-04-04 10:56:41] ppr.INFO: Ruta solicitada:  {"Controlador":null,"Accion":"index"} []
[2019-04-04 11:00:48] ppr.INFO: Kernel ha sido lanzado [] []
[2019-04-04 11:00:48] ppr.INFO: Ruta solicitada:  {"Controlador":null,"Accion":"index"} []
[2019-04-04 11:01:31] ppr.INFO: Kernel ha sido lanzado [] []
[2019-04-04 11:01:31] ppr.INFO: Ruta solicitada:  {"Controlador":null,"Accion":"index"} []
[2019-04-04 11:01:47] ppr.INFO: Kernel ha sido lanzado [] []
[2019-04-04 11:01:47] ppr.INFO: Ruta solicitada:  {"Controlador":null,"Accion":"index"} []
[2019-04-04 11:02:44] ppr.INFO: Kernel ha sido lanzado [] []
[2019-04-04 11:02:44] ppr.INFO: Ruta solicitada:  {"Controlador":null,"Accion":"index"} []
[2019-04-04 11:03:01] ppr.INFO: Kernel ha sido lanzado [] []
[2019-04-04 11:03:01] ppr.INFO: Ruta solicitada:  {"Controlador":null,"Accion":"index"} []
[2019-04-04 11:06:20] ppr.INFO: Kernel ha sido lanzado [] []
[2019-04-04 11:06:20] ppr.INFO: Ruta solicitada:  {"Controlador":null,"Accion":"index"} []
[2019-04-04 11:07:35] ppr.INFO: Kernel ha sido lanzado [] []
[2019-04-04 11:07:35] ppr.INFO: Ruta solicitada:  {"Controlador":null,"Accion":"index"} []
[2019-04-04 11:07:54] ppr.INFO: Kernel ha sido lanzado [] []
[2019-04-04 11:07:54] ppr.INFO: Ruta solicitada:  {"Controlador":null,"Accion":"index"} []
[2019-04-04 11:09:24] ppr.INFO: Kernel ha sido lanzado [] []
[2019-04-04 11:09:24] ppr.INFO: Ruta solicitada:  {"Controlador":null,"Accion":"index"} []
[2019-04-04 11:10:56] ppr.INFO: Kernel ha sido lanzado [] []
[2019-04-04 11:10:56] ppr.INFO: Ruta solicitada:  {"Controlador":null,"Accion":"index"} []
[2019-04-04 11:11:59] ppr.INFO: Kernel ha sido lanzado [] []
[2019-04-04 11:11:59] ppr.INFO: Ruta solicitada:  {"Controlador":null,"Accion":"index"} []
[2019-04-04 11:13:40] ppr.INFO: Kernel ha sido lanzado [] []
[2019-04-04 11:13:40] ppr.INFO: Ruta solicitada:  {"Controlador":null,"Accion":"index"} []
[2019-04-04 11:13:45] ppr.INFO: Kernel ha sido lanzado [] []
[2019-04-04 11:13:45] ppr.INFO: Ruta solicitada:  {"Controlador":null,"Accion":"index"} []
[2019-04-04 11:14:01] ppr.INFO: Kernel ha sido lanzado [] []
[2019-04-04 11:14:01] ppr.INFO: Ruta solicitada:  {"Controlador":null,"Accion":"index"} []
[2019-04-04 11:14:18] ppr.INFO: Kernel ha sido lanzado [] []
[2019-04-04 11:14:18] ppr.INFO: Ruta solicitada:  {"Controlador":null,"Accion":"index"} []
[2019-04-04 11:14:28] ppr.INFO: Kernel ha sido lanzado [] []
[2019-04-04 11:14:28] ppr.INFO: Ruta solicitada:  {"Controlador":null,"Accion":"index"} []
[2019-04-04 11:15:24] ppr.INFO: Kernel ha sido lanzado [] []
[2019-04-04 11:15:24] ppr.INFO: Ruta solicitada:  {"Controlador":null,"Accion":"index"} []
[2019-04-04 11:17:05] ppr.INFO: Kernel ha sido lanzado [] []
[2019-04-04 11:17:05] ppr.INFO: Ruta solicitada:  {"Controlador":null,"Accion":"index"} []
[2019-04-04 11:17:27] ppr.INFO: Kernel ha sido lanzado [] []
[2019-04-04 11:17:27] ppr.INFO: Ruta solicitada:  {"Controlador":null,"Accion":"index"} []
[2019-04-04 11:20:46] ppr.INFO: Kernel ha sido lanzado [] []
[2019-04-04 11:20:46] ppr.INFO: Ruta solicitada:  {"Controlador":null,"Accion":"index"} []
[2019-04-04 11:22:12] ppr.INFO: Kernel ha sido lanzado [] []
[2019-04-04 11:22:12] ppr.INFO: Ruta solicitada:  {"Controlador":null,"Accion":"index"} []
[2019-04-04 11:22:20] ppr.INFO: Kernel ha sido lanzado [] []
[2019-04-04 11:22:20] ppr.INFO: Ruta solicitada:  {"Controlador":null,"Accion":"index"} []
[2019-04-04 11:29:12] ppr.INFO: Kernel ha sido lanzado [] []
[2019-04-04 11:29:12] ppr.INFO: Ruta solicitada:  {"Controlador":null,"Accion":"index"} []
[2019-04-04 11:31:23] ppr.INFO: Kernel ha sido lanzado [] []
[2019-04-04 11:31:23] ppr.INFO: Ruta solicitada:  {"Controlador":null,"Accion":"index"} []
[2019-04-04 11:34:30] ppr.INFO: Kernel ha sido lanzado [] []
[2019-04-04 11:34:30] ppr.INFO: Ruta solicitada:  {"Controlador":null,"Accion":"index"} []
[2019-04-04 11:34:50] ppr.INFO: Kernel ha sido lanzado [] []
[2019-04-04 11:34:50] ppr.INFO: Ruta solicitada:  {"Controlador":null,"Accion":"index"} []
[2019-04-04 11:35:25] ppr.INFO: Kernel ha sido lanzado [] []
[2019-04-04 11:35:25] ppr.INFO: Ruta solicitada:  {"Controlador":null,"Accion":"index"} []
[2019-04-04 11:35:46] ppr.INFO: Kernel ha sido lanzado [] []
[2019-04-04 11:35:46] ppr.INFO: Ruta solicitada:  {"Controlador":null,"Accion":"index"} []
[2019-04-04 11:36:46] ppr.INFO: Kernel ha sido lanzado [] []
[2019-04-04 11:36:46] ppr.INFO: Ruta solicitada:  {"Controlador":null,"Accion":"index"} []
[2019-04-04 11:36:51] ppr.INFO: Kernel ha sido lanzado [] []
[2019-04-04 11:36:51] ppr.INFO: Ruta solicitada:  {"Controlador":null,"Accion":"index"} []
[2019-04-05 22:15:46] ppr.INFO: Kernel ha sido lanzado [] []
[2019-04-05 22:15:46] ppr.INFO: Ruta solicitada:  {"Controlador":null,"Accion":"index"} []
[2019-04-05 22:15:50] ppr.INFO: Kernel ha sido lanzado [] []
[2019-04-05 22:15:50] ppr.INFO: Ruta solicitada:  {"Controlador":null,"Accion":"index"} []
[2019-04-05 22:16:00] ppr.INFO: Kernel ha sido lanzado [] []
[2019-04-05 22:16:00] ppr.INFO: Ruta solicitada:  {"Controlador":null,"Accion":"testlist"} []
[2019-04-05 22:16:14] ppr.INFO: Kernel ha sido lanzado [] []
[2019-04-05 22:16:14] ppr.INFO: Ruta solicitada:  {"Controlador":null,"Accion":"lista"} []
[2019-04-05 22:16:41] ppr.INFO: Kernel ha sido lanzado [] []
[2019-04-05 22:16:41] ppr.INFO: Ruta solicitada:  {"Controlador":null,"Accion":"lista"} []
[2019-04-05 22:17:33] ppr.INFO: Kernel ha sido lanzado [] []
[2019-04-05 22:17:33] ppr.INFO: Ruta solicitada:  {"Controlador":null,"Accion":"lista"} []
[2019-04-05 22:18:35] ppr.INFO: Kernel ha sido lanzado [] []
[2019-04-05 22:18:35] ppr.INFO: Ruta solicitada:  {"Controlador":null,"Accion":"index"} []
[2019-04-05 22:18:54] ppr.INFO: Kernel ha sido lanzado [] []
[2019-04-05 22:18:54] ppr.INFO: Ruta solicitada:  {"Controlador":null,"Accion":"index"} []
[2019-04-05 22:19:00] ppr.INFO: Kernel ha sido lanzado [] []
[2019-04-05 22:19:00] ppr.INFO: Ruta solicitada:  {"Controlador":null,"Accion":"index"} []
[2019-04-05 22:19:15] ppr.INFO: Kernel ha sido lanzado [] []
[2019-04-05 22:19:15] ppr.INFO: Ruta solicitada:  {"Controlador":null,"Accion":"index"} []
[2019-04-05 22:19:24] ppr.INFO: Kernel ha sido lanzado [] []
[2019-04-05 22:19:24] ppr.INFO: Ruta solicitada:  {"Controlador":null,"Accion":"lista"} []
[2019-04-05 22:21:00] ppr.INFO: Kernel ha sido lanzado [] []
[2019-04-05 22:21:00] ppr.INFO: Ruta solicitada:  {"Controlador":null,"Accion":"lista"} []
[2019-04-05 22:21:12] ppr.INFO: Kernel ha sido lanzado [] []
[2019-04-05 22:21:12] ppr.INFO: Ruta solicitada:  {"Controlador":null,"Accion":"lista"} []
[2019-04-05 22:21:18] ppr.INFO: Kernel ha sido lanzado [] []
[2019-04-05 22:21:19] ppr.INFO: Ruta solicitada:  {"Controlador":null,"Accion":"index"} []
[2019-04-05 22:21:51] ppr.INFO: Kernel ha sido lanzado [] []
[2019-04-05 22:21:51] ppr.INFO: Ruta solicitada:  {"Controlador":null,"Accion":"index"} []
[2019-04-05 22:22:27] ppr.INFO: Kernel ha sido lanzado [] []
[2019-04-05 22:22:27] ppr.INFO: Ruta solicitada:  {"Controlador":null,"Accion":"index"} []
[2019-04-05 22:22:29] ppr.INFO: Kernel ha sido lanzado [] []
[2019-04-05 22:22:29] ppr.INFO: Ruta solicitada:  {"Controlador":null,"Accion":"do"} []
[2019-04-05 22:22:31] ppr.INFO: Kernel ha sido lanzado [] []
[2019-04-05 22:22:31] ppr.INFO: Ruta solicitada:  {"Controlador":null,"Accion":"do"} []
[2019-04-05 22:22:42] ppr.INFO: Kernel ha sido lanzado [] []
[2019-04-05 22:22:42] ppr.INFO: Ruta solicitada:  {"Controlador":null,"Accion":"do"} []
[2019-04-05 22:22:44] ppr.INFO: Kernel ha sido lanzado [] []
[2019-04-05 22:22:45] ppr.INFO: Ruta solicitada:  {"Controlador":null,"Accion":"index"} []
[2019-04-05 22:22:52] ppr.INFO: Kernel ha sido lanzado [] []
[2019-04-05 22:22:52] ppr.INFO: Ruta solicitada:  {"Controlador":null,"Accion":"index"} []
[2019-04-05 22:22:57] ppr.INFO: Kernel ha sido lanzado [] []
[2019-04-05 22:22:57] ppr.INFO: Ruta solicitada:  {"Controlador":null,"Accion":"do"} []
[2019-04-05 22:23:01] ppr.INFO: Kernel ha sido lanzado [] []
[2019-04-05 22:23:01] ppr.INFO: Ruta solicitada:  {"Controlador":["1"],"Accion":"do"} []
[2019-05-22 21:42:14] ppr.INFO: Kernel ha sido lanzado [] []
[2019-05-22 21:42:14] ppr.INFO: Ruta solicitada:  {"Controlador":"","Accion":"index","Params":null} []
[2019-05-22 21:42:19] ppr.INFO: Kernel ha sido lanzado [] []
[2019-05-22 21:42:19] ppr.INFO: Ruta solicitada:  {"Controlador":"login","Accion":"sucio","Params":null} []
[2019-05-22 21:42:19] ppr.INFO: Kernel ha sido lanzado [] []
[2019-05-22 21:42:19] ppr.INFO: Ruta solicitada:  {"Controlador":"","Accion":"index","Params":null} []
[2019-05-22 21:42:24] ppr.INFO: Kernel ha sido lanzado [] []
[2019-05-22 21:42:24] ppr.INFO: Ruta solicitada:  {"Controlador":"login","Accion":"sucio","Params":null} []
[2019-05-22 21:42:24] ppr.INFO: Kernel ha sido lanzado [] []
[2019-05-22 21:42:24] ppr.INFO: Ruta solicitada:  {"Controlador":"","Accion":"index","Params":null} []
[2019-05-22 21:42:25] ppr.INFO: Kernel ha sido lanzado [] []
[2019-05-22 21:42:25] ppr.INFO: Ruta solicitada:  {"Controlador":"login","Accion":"sucio","Params":null} []
[2019-05-22 21:42:25] ppr.INFO: Kernel ha sido lanzado [] []
[2019-05-22 21:42:25] ppr.INFO: Ruta solicitada:  {"Controlador":"","Accion":"index","Params":null} []
[2019-05-22 21:42:25] ppr.INFO: Kernel ha sido lanzado [] []
[2019-05-22 21:42:25] ppr.INFO: Ruta solicitada:  {"Controlador":"login","Accion":"sucio","Params":null} []
[2019-05-22 21:42:25] ppr.INFO: Kernel ha sido lanzado [] []
[2019-05-22 21:42:25] ppr.INFO: Ruta solicitada:  {"Controlador":"","Accion":"index","Params":null} []
[2019-05-22 21:42:41] ppr.INFO: Kernel ha sido lanzado [] []
[2019-05-22 21:42:41] ppr.INFO: Ruta solicitada:  {"Controlador":"login","Accion":"sucio","Params":null} []
[2019-05-22 21:42:41] ppr.INFO: Kernel ha sido lanzado [] []
[2019-05-22 21:42:41] ppr.INFO: Ruta solicitada:  {"Controlador":"","Accion":"index","Params":null} []
[2019-05-22 21:42:45] ppr.INFO: Kernel ha sido lanzado [] []
[2019-05-22 21:42:45] ppr.INFO: Ruta solicitada:  {"Controlador":"login","Accion":"sucio","Params":null} []
[2019-05-22 21:42:45] ppr.INFO: Kernel ha sido lanzado [] []
[2019-05-22 21:42:45] ppr.INFO: Ruta solicitada:  {"Controlador":"","Accion":"index","Params":null} []
[2019-05-22 21:45:03] ppr.INFO: Kernel ha sido lanzado [] []
[2019-05-22 21:45:03] ppr.INFO: Ruta solicitada:  {"Controlador":"login","Accion":"sucio","Params":null} []
[2019-05-22 21:45:03] ppr.INFO: Kernel ha sido lanzado [] []
[2019-05-22 21:45:03] ppr.INFO: Ruta solicitada:  {"Controlador":"","Accion":"index","Params":null} []
[2019-05-22 21:45:04] ppr.INFO: Kernel ha sido lanzado [] []
[2019-05-22 21:45:04] ppr.INFO: Ruta solicitada:  {"Controlador":"login","Accion":"sucio","Params":null} []
[2019-05-22 21:45:04] ppr.INFO: Kernel ha sido lanzado [] []
[2019-05-22 21:45:04] ppr.INFO: Ruta solicitada:  {"Controlador":"","Accion":"index","Params":null} []
[2019-05-22 21:45:04] ppr.INFO: Kernel ha sido lanzado [] []
[2019-05-22 21:45:04] ppr.INFO: Ruta solicitada:  {"Controlador":"login","Accion":"sucio","Params":null} []
[2019-05-22 21:45:04] ppr.INFO: Kernel ha sido lanzado [] []
[2019-05-22 21:45:04] ppr.INFO: Ruta solicitada:  {"Controlador":"","Accion":"index","Params":null} []
[2019-05-22 21:45:04] ppr.INFO: Kernel ha sido lanzado [] []
[2019-05-22 21:45:04] ppr.INFO: Ruta solicitada:  {"Controlador":"login","Accion":"sucio","Params":null} []
[2019-05-22 21:45:04] ppr.INFO: Kernel ha sido lanzado [] []
[2019-05-22 21:45:04] ppr.INFO: Ruta solicitada:  {"Controlador":"","Accion":"index","Params":null} []
[2019-05-22 21:45:04] ppr.INFO: Kernel ha sido lanzado [] []
[2019-05-22 21:45:04] ppr.INFO: Ruta solicitada:  {"Controlador":"login","Accion":"sucio","Params":null} []
[2019-05-22 21:45:04] ppr.INFO: Kernel ha sido lanzado [] []
[2019-05-22 21:45:04] ppr.INFO: Ruta solicitada:  {"Controlador":"","Accion":"index","Params":null} []
[2019-05-22 21:45:05] ppr.INFO: Kernel ha sido lanzado [] []
[2019-05-22 21:45:05] ppr.INFO: Ruta solicitada:  {"Controlador":"login","Accion":"sucio","Params":null} []
[2019-05-22 21:45:05] ppr.INFO: Kernel ha sido lanzado [] []
[2019-05-22 21:45:05] ppr.INFO: Ruta solicitada:  {"Controlador":"","Accion":"index","Params":null} []
[2019-05-22 21:49:26] ppr.INFO: Kernel ha sido lanzado [] []
[2019-05-22 21:49:26] ppr.INFO: Ruta solicitada:  {"Controlador":"","Accion":"index","Params":null} []
[2019-05-22 21:49:27] ppr.INFO: Kernel ha sido lanzado [] []
[2019-05-22 21:49:27] ppr.INFO: Ruta solicitada:  {"Controlador":"login","Accion":"sucio","Params":null} []
[2019-05-22 21:49:27] ppr.INFO: Kernel ha sido lanzado [] []
[2019-05-22 21:49:27] ppr.INFO: Ruta solicitada:  {"Controlador":"dashboard","Accion":"index","Params":null} []
[2019-05-22 22:13:27] ppr.INFO: Kernel ha sido lanzado [] []
[2019-05-22 22:13:27] ppr.INFO: Ruta solicitada:  {"Controlador":"dashboard","Accion":"index","Params":null} []
[2019-05-22 22:13:31] ppr.INFO: Kernel ha sido lanzado [] []
[2019-05-22 22:13:31] ppr.INFO: Ruta solicitada:  {"Controlador":"practica","Accion":"index","Params":null} []
[2019-05-22 22:13:35] ppr.INFO: Kernel ha sido lanzado [] []
[2019-05-22 22:13:35] ppr.INFO: Ruta solicitada:  {"Controlador":"hacertest","Accion":"index","Params":null} []
[2019-05-22 22:49:02] ppr.INFO: Kernel ha sido lanzado [] []
[2019-05-22 22:49:02] ppr.INFO: Ruta solicitada:  {"Controlador":"hacertest","Accion":"index","Params":null} []
[2019-05-22 22:49:03] ppr.INFO: Kernel ha sido lanzado [] []
[2019-05-22 22:49:03] ppr.INFO: Ruta solicitada:  {"Controlador":"practica","Accion":"index","Params":null} []
[2019-05-22 22:49:06] ppr.INFO: Kernel ha sido lanzado [] []
[2019-05-22 22:49:06] ppr.INFO: Ruta solicitada:  {"Controlador":"practica","Accion":"index","Params":null} []
[2019-05-22 22:49:15] ppr.INFO: Kernel ha sido lanzado [] []
[2019-05-22 22:49:15] ppr.INFO: Ruta solicitada:  {"Controlador":"dashboard","Accion":"index","Params":null} []
[2019-05-22 22:50:05] ppr.INFO: Kernel ha sido lanzado [] []
[2019-05-22 22:50:05] ppr.INFO: Ruta solicitada:  {"Controlador":"dashboard","Accion":"index","Params":null} []
[2019-05-22 22:50:07] ppr.INFO: Kernel ha sido lanzado [] []
[2019-05-22 22:50:07] ppr.INFO: Ruta solicitada:  {"Controlador":"dashboard","Accion":"index","Params":null} []
[2019-05-22 22:50:10] ppr.INFO: Kernel ha sido lanzado [] []
[2019-05-22 22:50:10] ppr.INFO: Ruta solicitada:  {"Controlador":"hacertest","Accion":"index","Params":null} []
[2019-05-22 22:50:12] ppr.INFO: Kernel ha sido lanzado [] []
[2019-05-22 22:50:12] ppr.INFO: Ruta solicitada:  {"Controlador":"dashboard","Accion":"index","Params":null} []
[2019-05-22 22:57:48] ppr.INFO: Kernel ha sido lanzado [] []
[2019-05-22 22:57:48] ppr.INFO: Ruta solicitada:  {"Controlador":"dashboard","Accion":"index","Params":null} []
[2019-05-22 22:57:48] ppr.INFO: Kernel ha sido lanzado [] []
[2019-05-22 22:57:48] ppr.INFO: Ruta solicitada:  {"Controlador":"","Accion":"index","Params":null} []
[2019-05-22 22:57:50] ppr.INFO: Kernel ha sido lanzado [] []
[2019-05-22 22:57:50] ppr.INFO: Ruta solicitada:  {"Controlador":"login","Accion":"sucio","Params":null} []
[2019-05-22 22:57:51] ppr.INFO: Kernel ha sido lanzado [] []
[2019-05-22 22:57:51] ppr.INFO: Ruta solicitada:  {"Controlador":"dashboard","Accion":"index","Params":null} []
[2019-05-22 22:58:10] ppr.INFO: Kernel ha sido lanzado [] []
[2019-05-22 22:58:10] ppr.INFO: Ruta solicitada:  {"Controlador":"practica","Accion":"index","Params":null} []
[2019-05-22 23:02:02] ppr.INFO: Kernel ha sido lanzado [] []
[2019-05-22 23:02:02] ppr.INFO: Ruta solicitada:  {"Controlador":"practica","Accion":"index","Params":null} []
[2019-05-22 23:02:32] ppr.INFO: Kernel ha sido lanzado [] []
[2019-05-22 23:02:32] ppr.INFO: Ruta solicitada:  {"Controlador":"practica","Accion":"index","Params":null} []
[2019-05-22 23:02:37] ppr.INFO: Kernel ha sido lanzado [] []
[2019-05-22 23:02:37] ppr.INFO: Ruta solicitada:  {"Controlador":"practica","Accion":"index","Params":null} []
[2019-05-22 23:02:39] ppr.INFO: Kernel ha sido lanzado [] []
[2019-05-22 23:02:39] ppr.INFO: Ruta solicitada:  {"Controlador":"hacertest","Accion":"index","Params":null} []
[2019-05-22 23:02:43] ppr.INFO: Kernel ha sido lanzado [] []
[2019-05-22 23:02:43] ppr.INFO: Ruta solicitada:  {"Controlador":"practica","Accion":"index","Params":null} []
[2019-05-22 23:08:36] ppr.INFO: Kernel ha sido lanzado [] []
[2019-05-22 23:08:36] ppr.INFO: Ruta solicitada:  {"Controlador":"practica","Accion":"index","Params":null} []
[2019-05-22 23:08:50] ppr.INFO: Kernel ha sido lanzado [] []
[2019-05-22 23:08:50] ppr.INFO: Ruta solicitada:  {"Controlador":"practica","Accion":"index","Params":null} []
[2019-05-22 23:15:42] ppr.INFO: Kernel ha sido lanzado [] []
[2019-05-22 23:15:42] ppr.INFO: Ruta solicitada:  {"Controlador":"practica","Accion":"index","Params":null} []
[2019-05-22 23:15:56] ppr.INFO: Kernel ha sido lanzado [] []
[2019-05-22 23:15:56] ppr.INFO: Ruta solicitada:  {"Controlador":"practica","Accion":"index","Params":null} []
[2019-05-22 23:16:09] ppr.INFO: Kernel ha sido lanzado [] []
[2019-05-22 23:16:09] ppr.INFO: Ruta solicitada:  {"Controlador":"practica","Accion":"index","Params":null} []
[2019-05-22 23:17:45] ppr.INFO: Kernel ha sido lanzado [] []
[2019-05-22 23:17:45] ppr.INFO: Ruta solicitada:  {"Controlador":"practica","Accion":"index","Params":null} []
[2019-05-22 23:19:11] ppr.INFO: Kernel ha sido lanzado [] []
[2019-05-22 23:19:11] ppr.INFO: Ruta solicitada:  {"Controlador":"practica","Accion":"index","Params":null} []
[2019-05-22 23:19:34] ppr.INFO: Kernel ha sido lanzado [] []
[2019-05-22 23:19:34] ppr.INFO: Ruta solicitada:  {"Controlador":"practica","Accion":"index","Params":null} []
[2019-05-22 23:20:36] ppr.INFO: Kernel ha sido lanzado [] []
[2019-05-22 23:20:36] ppr.INFO: Ruta solicitada:  {"Controlador":"practica","Accion":"index","Params":null} []
[2019-05-22 23:21:13] ppr.INFO: Kernel ha sido lanzado [] []
[2019-05-22 23:21:13] ppr.INFO: Ruta solicitada:  {"Controlador":"practica","Accion":"index","Params":null} []
[2019-05-22 23:21:17] ppr.INFO: Kernel ha sido lanzado [] []
[2019-05-22 23:21:17] ppr.INFO: Ruta solicitada:  {"Controlador":"practica","Accion":"index","Params":null} []
[2019-05-22 23:21:52] ppr.INFO: Kernel ha sido lanzado [] []
[2019-05-22 23:21:52] ppr.INFO: Ruta solicitada:  {"Controlador":"practica","Accion":"index","Params":null} []
[2019-05-22 23:22:54] ppr.INFO: Kernel ha sido lanzado [] []
[2019-05-22 23:22:54] ppr.INFO: Ruta solicitada:  {"Controlador":"hacertest","Accion":"index","Params":null} []
[2019-05-22 23:36:48] ppr.INFO: Kernel ha sido lanzado [] []
[2019-05-22 23:36:48] ppr.INFO: Ruta solicitada:  {"Controlador":"practica","Accion":"index","Params":null} []
[2019-05-22 23:36:51] ppr.INFO: Kernel ha sido lanzado [] []
[2019-05-22 23:36:51] ppr.INFO: Ruta solicitada:  {"Controlador":"hacertest","Accion":"elegido","Params":null} []
[2019-05-22 23:37:24] ppr.INFO: Kernel ha sido lanzado [] []
[2019-05-22 23:37:24] ppr.INFO: Ruta solicitada:  {"Controlador":"hacertest","Accion":"elegido","Params":null} []
[2019-05-22 23:37:26] ppr.INFO: Kernel ha sido lanzado [] []
[2019-05-22 23:37:26] ppr.INFO: Ruta solicitada:  {"Controlador":"practica","Accion":"index","Params":null} []
[2019-05-22 23:37:27] ppr.INFO: Kernel ha sido lanzado [] []
[2019-05-22 23:37:27] ppr.INFO: Ruta solicitada:  {"Controlador":"practica","Accion":"index","Params":null} []
[2019-05-22 23:37:30] ppr.INFO: Kernel ha sido lanzado [] []
[2019-05-22 23:37:30] ppr.INFO: Ruta solicitada:  {"Controlador":"hacertest","Accion":"elegido","Params":null} []
[2019-05-22 23:38:07] ppr.INFO: Kernel ha sido lanzado [] []
[2019-05-22 23:38:07] ppr.INFO: Ruta solicitada:  {"Controlador":"practica","Accion":"index","Params":null} []
[2019-05-22 23:38:08] ppr.INFO: Kernel ha sido lanzado [] []
[2019-05-22 23:38:08] ppr.INFO: Ruta solicitada:  {"Controlador":"practica","Accion":"index","Params":null} []
[2019-05-22 23:38:12] ppr.INFO: Kernel ha sido lanzado [] []
[2019-05-22 23:38:12] ppr.INFO: Ruta solicitada:  {"Controlador":"hacertest","Accion":"elegido","Params":null} []
[2019-05-22 23:39:18] ppr.INFO: Kernel ha sido lanzado [] []
[2019-05-22 23:39:18] ppr.INFO: Ruta solicitada:  {"Controlador":"hacertest","Accion":"elegido","Params":null} []
[2019-05-22 23:39:28] ppr.INFO: Kernel ha sido lanzado [] []
[2019-05-22 23:39:28] ppr.INFO: Ruta solicitada:  {"Controlador":"hacertest","Accion":"index","Params":null} []
[2019-05-22 23:39:51] ppr.INFO: Kernel ha sido lanzado [] []
[2019-05-22 23:39:51] ppr.INFO: Ruta solicitada:  {"Controlador":"hacertest","Accion":"elegido","Params":null} []
[2019-05-22 23:41:38] ppr.INFO: Kernel ha sido lanzado [] []
[2019-05-22 23:41:38] ppr.INFO: Ruta solicitada:  {"Controlador":"hacertest","Accion":"elegido","Params":null} []
[2019-05-22 23:41:41] ppr.INFO: Kernel ha sido lanzado [] []
[2019-05-22 23:41:41] ppr.INFO: Ruta solicitada:  {"Controlador":"hacertest","Accion":"index","Params":null} []
[2019-05-22 23:41:49] ppr.INFO: Kernel ha sido lanzado [] []
[2019-05-22 23:41:49] ppr.INFO: Ruta solicitada:  {"Controlador":"hacertest","Accion":"index","Params":null} []
[2019-05-22 23:41:55] ppr.INFO: Kernel ha sido lanzado [] []
[2019-05-22 23:41:55] ppr.INFO: Ruta solicitada:  {"Controlador":"hacertest","Accion":"elegido","Params":null} []
[2019-05-22 23:42:00] ppr.INFO: Kernel ha sido lanzado [] []
[2019-05-22 23:42:00] ppr.INFO: Ruta solicitada:  {"Controlador":"hacertest","Accion":"index","Params":null} []
[2019-05-22 23:42:02] ppr.INFO: Kernel ha sido lanzado [] []
[2019-05-22 23:42:02] ppr.INFO: Ruta solicitada:  {"Controlador":"hacertest","Accion":"index","Params":null} []
[2019-05-22 23:42:03] ppr.INFO: Kernel ha sido lanzado [] []
[2019-05-22 23:42:03] ppr.INFO: Ruta solicitada:  {"Controlador":"practica","Accion":"index","Params":null} []
[2019-05-22 23:42:06] ppr.INFO: Kernel ha sido lanzado [] []
[2019-05-22 23:42:06] ppr.INFO: Ruta solicitada:  {"Controlador":"hacertest","Accion":"elegido","Params":null} []
[2019-05-23 00:14:00] ppr.INFO: Kernel ha sido lanzado [] []
[2019-05-23 00:14:00] ppr.INFO: Ruta solicitada:  {"Controlador":"hacertest","Accion":"elegido","Params":null} []
[2019-05-23 00:15:10] ppr.INFO: Kernel ha sido lanzado [] []
[2019-05-23 00:15:10] ppr.INFO: Ruta solicitada:  {"Controlador":"hacertest","Accion":"elegido","Params":null} []
[2019-05-23 00:20:02] ppr.INFO: Kernel ha sido lanzado [] []
[2019-05-23 00:20:02] ppr.INFO: Ruta solicitada:  {"Controlador":"hacertest","Accion":"elegido","Params":null} []
[2019-05-23 00:20:17] ppr.INFO: Kernel ha sido lanzado [] []
[2019-05-23 00:20:17] ppr.INFO: Ruta solicitada:  {"Controlador":"hacertest","Accion":"elegido","Params":null} []
[2019-05-23 00:49:52] ppr.INFO: Kernel ha sido lanzado [] []
[2019-05-23 00:49:52] ppr.INFO: Ruta solicitada:  {"Controlador":"hacertest","Accion":"elegido","Params":null} []
[2019-05-23 00:50:53] ppr.INFO: Kernel ha sido lanzado [] []
[2019-05-23 00:50:53] ppr.INFO: Ruta solicitada:  {"Controlador":"hacertest","Accion":"elegido","Params":null} []
[2019-05-23 00:51:30] ppr.INFO: Kernel ha sido lanzado [] []
[2019-05-23 00:51:30] ppr.INFO: Ruta solicitada:  {"Controlador":"hacertest","Accion":"elegido","Params":null} []
[2019-05-23 00:52:16] ppr.INFO: Kernel ha sido lanzado [] []
[2019-05-23 00:52:16] ppr.INFO: Ruta solicitada:  {"Controlador":"hacertest","Accion":"elegido","Params":null} []
[2019-05-23 00:53:40] ppr.INFO: Kernel ha sido lanzado [] []
[2019-05-23 00:53:40] ppr.INFO: Ruta solicitada:  {"Controlador":"hacertest","Accion":"elegido","Params":null} []
[2019-05-23 00:53:57] ppr.INFO: Kernel ha sido lanzado [] []
[2019-05-23 00:53:57] ppr.INFO: Ruta solicitada:  {"Controlador":"hacertest","Accion":"elegido","Params":null} []
[2019-05-23 00:54:24] ppr.INFO: Kernel ha sido lanzado [] []
[2019-05-23 00:54:24] ppr.INFO: Ruta solicitada:  {"Controlador":"hacertest","Accion":"elegido","Params":null} []
[2019-05-23 00:56:31] ppr.INFO: Kernel ha sido lanzado [] []
[2019-05-23 00:56:31] ppr.INFO: Ruta solicitada:  {"Controlador":"hacertest","Accion":"elegido","Params":null} []
[2019-05-23 00:56:51] ppr.INFO: Kernel ha sido lanzado [] []
[2019-05-23 00:56:51] ppr.INFO: Ruta solicitada:  {"Controlador":"hacertest","Accion":"elegido","Params":null} []
[2019-05-23 00:57:05] ppr.INFO: Kernel ha sido lanzado [] []
[2019-05-23 00:57:05] ppr.INFO: Ruta solicitada:  {"Controlador":"hacertest","Accion":"elegido","Params":null} []
[2019-05-23 00:57:17] ppr.INFO: Kernel ha sido lanzado [] []
[2019-05-23 00:57:17] ppr.INFO: Ruta solicitada:  {"Controlador":"hacertest","Accion":"elegido","Params":null} []
[2019-05-23 01:01:18] ppr.INFO: Kernel ha sido lanzado [] []
[2019-05-23 01:01:18] ppr.INFO: Ruta solicitada:  {"Controlador":"hacertest","Accion":"elegido","Params":null} []
[2019-05-23 01:02:03] ppr.INFO: Kernel ha sido lanzado [] []
[2019-05-23 01:02:03] ppr.INFO: Ruta solicitada:  {"Controlador":"hacertest","Accion":"elegido","Params":null} []
[2019-05-23 01:02:16] ppr.INFO: Kernel ha sido lanzado [] []
[2019-05-23 01:02:16] ppr.INFO: Ruta solicitada:  {"Controlador":"hacertest","Accion":"elegido","Params":null} []
[2019-05-23 01:06:12] ppr.INFO: Kernel ha sido lanzado [] []
[2019-05-23 01:06:12] ppr.INFO: Ruta solicitada:  {"Controlador":"hacertest","Accion":"elegido","Params":null} []
[2019-05-23 01:10:23] ppr.INFO: Kernel ha sido lanzado [] []
[2019-05-23 01:10:23] ppr.INFO: Ruta solicitada:  {"Controlador":"hacertest","Accion":"elegido","Params":null} []
[2019-05-23 01:10:43] ppr.INFO: Kernel ha sido lanzado [] []
[2019-05-23 01:10:43] ppr.INFO: Ruta solicitada:  {"Controlador":"hacertest","Accion":"elegido","Params":null} []
[2019-05-23 01:13:43] ppr.INFO: Kernel ha sido lanzado [] []
[2019-05-23 01:13:43] ppr.INFO: Ruta solicitada:  {"Controlador":"hacertest","Accion":"elegido","Params":null} []
[2019-05-23 01:14:01] ppr.INFO: Kernel ha sido lanzado [] []
[2019-05-23 01:14:01] ppr.INFO: Ruta solicitada:  {"Controlador":"hacertest","Accion":"elegido","Params":null} []
[2019-05-23 08:53:18] ppr.INFO: Kernel ha sido lanzado [] []
[2019-05-23 08:53:18] ppr.INFO: Ruta solicitada:  {"Controlador":"","Accion":"index","Params":null} []
[2019-05-23 08:53:19] ppr.INFO: Kernel ha sido lanzado [] []
[2019-05-23 08:53:19] ppr.INFO: Ruta solicitada:  {"Controlador":"login","Accion":"sucio","Params":null} []
[2019-05-23 08:53:20] ppr.INFO: Kernel ha sido lanzado [] []
[2019-05-23 08:53:20] ppr.INFO: Ruta solicitada:  {"Controlador":"dashboard","Accion":"index","Params":null} []
[2019-05-23 08:53:28] ppr.INFO: Kernel ha sido lanzado [] []
[2019-05-23 08:53:28] ppr.INFO: Ruta solicitada:  {"Controlador":"practica","Accion":"index","Params":null} []
[2019-05-23 08:53:37] ppr.INFO: Kernel ha sido lanzado [] []
[2019-05-23 08:53:37] ppr.INFO: Ruta solicitada:  {"Controlador":"hacertest","Accion":"elegido","Params":null} []
[2019-05-23 08:57:27] ppr.INFO: Kernel ha sido lanzado [] []
[2019-05-23 08:57:27] ppr.INFO: Ruta solicitada:  {"Controlador":"hacertest","Accion":"elegido","Params":null} []
[2019-05-23 09:00:29] ppr.INFO: Kernel ha sido lanzado [] []
[2019-05-23 09:00:29] ppr.INFO: Ruta solicitada:  {"Controlador":"hacertest","Accion":"elegido","Params":null} []
[2019-05-23 09:01:24] ppr.INFO: Kernel ha sido lanzado [] []
[2019-05-23 09:01:24] ppr.INFO: Ruta solicitada:  {"Controlador":"hacertest","Accion":"elegido","Params":null} []
[2019-05-23 09:01:49] ppr.INFO: Kernel ha sido lanzado [] []
[2019-05-23 09:01:49] ppr.INFO: Ruta solicitada:  {"Controlador":"hacertest","Accion":"elegido","Params":null} []
[2019-05-23 09:02:05] ppr.INFO: Kernel ha sido lanzado [] []
[2019-05-23 09:02:05] ppr.INFO: Ruta solicitada:  {"Controlador":"hacertest","Accion":"elegido","Params":null} []
[2019-05-23 09:04:08] ppr.INFO: Kernel ha sido lanzado [] []
[2019-05-23 09:04:08] ppr.INFO: Ruta solicitada:  {"Controlador":"hacertest","Accion":"elegido","Params":null} []
[2019-05-23 09:06:37] ppr.INFO: Kernel ha sido lanzado [] []
[2019-05-23 09:06:37] ppr.INFO: Ruta solicitada:  {"Controlador":"hacertest","Accion":"elegido","Params":null} []
[2019-05-23 09:12:40] ppr.INFO: Kernel ha sido lanzado [] []
[2019-05-23 09:12:40] ppr.INFO: Ruta solicitada:  {"Controlador":"hacertest","Accion":"elegido","Params":null} []
[2019-05-23 09:15:12] ppr.INFO: Kernel ha sido lanzado [] []
[2019-05-23 09:15:12] ppr.INFO: Ruta solicitada:  {"Controlador":"hacertest","Accion":"elegido","Params":null} []
[2019-05-23 09:15:32] ppr.INFO: Kernel ha sido lanzado [] []
[2019-05-23 09:15:32] ppr.INFO: Ruta solicitada:  {"Controlador":"hacertest","Accion":"elegido","Params":null} []
[2019-05-23 09:16:00] ppr.INFO: Kernel ha sido lanzado [] []
[2019-05-23 09:16:00] ppr.INFO: Ruta solicitada:  {"Controlador":"hacertest","Accion":"elegido","Params":null} []
[2019-05-23 09:16:24] ppr.INFO: Kernel ha sido lanzado [] []
[2019-05-23 09:16:24] ppr.INFO: Ruta solicitada:  {"Controlador":"hacertest","Accion":"elegido","Params":null} []
[2019-05-23 09:21:33] ppr.INFO: Kernel ha sido lanzado [] []
[2019-05-23 09:21:33] ppr.INFO: Ruta solicitada:  {"Controlador":"hacertest","Accion":"elegido","Params":null} []
[2019-05-23 09:21:36] ppr.INFO: Kernel ha sido lanzado [] []
[2019-05-23 09:21:36] ppr.INFO: Ruta solicitada:  {"Controlador":"hacertest","Accion":"corregir","Params":null} []
[2019-05-23 09:22:49] ppr.INFO: Kernel ha sido lanzado [] []
[2019-05-23 09:22:49] ppr.INFO: Ruta solicitada:  {"Controlador":"hacertest","Accion":"corregir","Params":null} []
[2019-05-23 09:23:35] ppr.INFO: Kernel ha sido lanzado [] []
[2019-05-23 09:23:35] ppr.INFO: Ruta solicitada:  {"Controlador":"hacertest","Accion":"corregir","Params":null} []
[2019-05-23 09:24:09] ppr.INFO: Kernel ha sido lanzado [] []
[2019-05-23 09:24:09] ppr.INFO: Ruta solicitada:  {"Controlador":"hacertest","Accion":"corregir","Params":null} []
[2019-05-23 09:24:12] ppr.INFO: Kernel ha sido lanzado [] []
[2019-05-23 09:24:12] ppr.INFO: Ruta solicitada:  {"Controlador":"hacertest","Accion":"corregir","Params":null} []
[2019-05-23 09:31:32] ppr.INFO: Kernel ha sido lanzado [] []
[2019-05-23 09:31:32] ppr.INFO: Ruta solicitada:  {"Controlador":"practica","Accion":"index","Params":null} []
[2019-05-23 09:31:37] ppr.INFO: Kernel ha sido lanzado [] []
[2019-05-23 09:31:37] ppr.INFO: Ruta solicitada:  {"Controlador":"hacertest","Accion":"elegido","Params":null} []
[2019-05-23 09:32:34] ppr.INFO: Kernel ha sido lanzado [] []
[2019-05-23 09:32:34] ppr.INFO: Ruta solicitada:  {"Controlador":"hacertest","Accion":"corregir","Params":null} []
[2019-05-23 09:32:55] ppr.INFO: Kernel ha sido lanzado [] []
[2019-05-23 09:32:55] ppr.INFO: Ruta solicitada:  {"Controlador":"practica","Accion":"index","Params":null} []
[2019-05-23 09:32:57] ppr.INFO: Kernel ha sido lanzado [] []
[2019-05-23 09:32:57] ppr.INFO: Ruta solicitada:  {"Controlador":"hacertest","Accion":"elegido","Params":null} []
[2019-05-23 09:38:36] ppr.INFO: Kernel ha sido lanzado [] []
[2019-05-23 09:38:36] ppr.INFO: Ruta solicitada:  {"Controlador":"hacertest","Accion":"elegido","Params":null} []
[2019-05-23 09:39:12] ppr.INFO: Kernel ha sido lanzado [] []
[2019-05-23 09:39:12] ppr.INFO: Ruta solicitada:  {"Controlador":"hacertest","Accion":"elegido","Params":null} []
[2019-05-23 09:39:12] ppr.INFO: Kernel ha sido lanzado [] []
[2019-05-23 09:39:12] ppr.INFO: Ruta solicitada:  {"Controlador":"hacertest","Accion":"","Params":null} []
[2019-05-23 09:39:12] ppr.INFO: Kernel ha sido lanzado [] []
[2019-05-23 09:39:12] ppr.INFO: Ruta solicitada:  {"Controlador":"hacertest","Accion":"","Params":null} []
[2019-05-23 09:39:12] ppr.INFO: Kernel ha sido lanzado [] []
[2019-05-23 09:39:12] ppr.INFO: Ruta solicitada:  {"Controlador":"hacertest","Accion":"","Params":null} []
[2019-05-23 09:39:12] ppr.INFO: Kernel ha sido lanzado [] []
[2019-05-23 09:39:12] ppr.INFO: Ruta solicitada:  {"Controlador":"hacertest","Accion":"","Params":null} []
[2019-05-23 09:39:12] ppr.INFO: Kernel ha sido lanzado [] []
[2019-05-23 09:39:12] ppr.INFO: Ruta solicitada:  {"Controlador":"hacertest","Accion":"","Params":null} []
[2019-05-23 09:39:12] ppr.INFO: Kernel ha sido lanzado [] []
[2019-05-23 09:39:12] ppr.INFO: Ruta solicitada:  {"Controlador":"hacertest","Accion":"","Params":null} []
[2019-05-23 09:39:12] ppr.INFO: Kernel ha sido lanzado [] []
[2019-05-23 09:39:12] ppr.INFO: Ruta solicitada:  {"Controlador":"hacertest","Accion":"","Params":null} []
[2019-05-23 09:39:12] ppr.INFO: Kernel ha sido lanzado [] []
[2019-05-23 09:39:12] ppr.INFO: Ruta solicitada:  {"Controlador":"hacertest","Accion":"","Params":null} []
[2019-05-23 09:39:12] ppr.INFO: Kernel ha sido lanzado [] []
[2019-05-23 09:39:12] ppr.INFO: Ruta solicitada:  {"Controlador":"hacertest","Accion":"","Params":null} []
[2019-05-23 09:39:12] ppr.INFO: Kernel ha sido lanzado [] []
[2019-05-23 09:39:12] ppr.INFO: Ruta solicitada:  {"Controlador":"hacertest","Accion":"","Params":null} []
[2019-05-23 09:39:12] ppr.INFO: Kernel ha sido lanzado [] []
[2019-05-23 09:39:12] ppr.INFO: Ruta solicitada:  {"Controlador":"hacertest","Accion":"","Params":null} []
[2019-05-23 09:39:12] ppr.INFO: Kernel ha sido lanzado [] []
[2019-05-23 09:39:12] ppr.INFO: Ruta solicitada:  {"Controlador":"hacertest","Accion":"","Params":null} []
[2019-05-23 09:39:13] ppr.INFO: Kernel ha sido lanzado [] []
[2019-05-23 09:39:13] ppr.INFO: Ruta solicitada:  {"Controlador":"hacertest","Accion":"","Params":null} []
[2019-05-23 09:39:13] ppr.INFO: Kernel ha sido lanzado [] []
[2019-05-23 09:39:13] ppr.INFO: Ruta solicitada:  {"Controlador":"hacertest","Accion":"","Params":null} []
[2019-05-23 09:39:13] ppr.INFO: Kernel ha sido lanzado [] []
[2019-05-23 09:39:13] ppr.INFO: Ruta solicitada:  {"Controlador":"hacertest","Accion":"","Params":null} []
[2019-05-23 09:39:13] ppr.INFO: Kernel ha sido lanzado [] []
[2019-05-23 09:39:13] ppr.INFO: Ruta solicitada:  {"Controlador":"hacertest","Accion":"","Params":null} []
[2019-05-23 09:39:13] ppr.INFO: Kernel ha sido lanzado [] []
[2019-05-23 09:39:13] ppr.INFO: Ruta solicitada:  {"Controlador":"hacertest","Accion":"","Params":null} []
[2019-05-23 09:39:13] ppr.INFO: Kernel ha sido lanzado [] []
[2019-05-23 09:39:13] ppr.INFO: Ruta solicitada:  {"Controlador":"hacertest","Accion":"","Params":null} []
[2019-05-23 09:39:13] ppr.INFO: Kernel ha sido lanzado [] []
[2019-05-23 09:39:13] ppr.INFO: Ruta solicitada:  {"Controlador":"hacertest","Accion":"","Params":null} []
[2019-05-23 09:39:17] ppr.INFO: Kernel ha sido lanzado [] []
[2019-05-23 09:39:17] ppr.INFO: Ruta solicitada:  {"Controlador":"","Accion":"index","Params":null} []
[2019-05-23 09:39:19] ppr.INFO: Kernel ha sido lanzado [] []
[2019-05-23 09:39:19] ppr.INFO: Ruta solicitada:  {"Controlador":"login","Accion":"sucio","Params":null} []
[2019-05-23 09:39:19] ppr.INFO: Kernel ha sido lanzado [] []
[2019-05-23 09:39:19] ppr.INFO: Ruta solicitada:  {"Controlador":"dashboard","Accion":"index","Params":null} []
[2019-05-23 09:39:43] ppr.INFO: Kernel ha sido lanzado [] []
[2019-05-23 09:39:43] ppr.INFO: Ruta solicitada:  {"Controlador":"dashboard","Accion":"index","Params":null} []
[2019-05-23 09:39:43] ppr.INFO: Kernel ha sido lanzado [] []
[2019-05-23 09:39:43] ppr.INFO: Ruta solicitada:  {"Controlador":"","Accion":"index","Params":null} []
[2019-05-23 09:39:44] ppr.INFO: Kernel ha sido lanzado [] []
[2019-05-23 09:39:44] ppr.INFO: Ruta solicitada:  {"Controlador":"login","Accion":"sucio","Params":null} []
[2019-05-23 09:39:44] ppr.INFO: Kernel ha sido lanzado [] []
[2019-05-23 09:39:44] ppr.INFO: Ruta solicitada:  {"Controlador":"dashboard","Accion":"index","Params":null} []
[2019-05-23 09:46:49] ppr.INFO: Kernel ha sido lanzado [] []
[2019-05-23 09:46:49] ppr.INFO: Ruta solicitada:  {"Controlador":"dashboard","Accion":"index","Params":null} []
[2019-05-23 09:46:52] ppr.INFO: Kernel ha sido lanzado [] []
[2019-05-23 09:46:52] ppr.INFO: Ruta solicitada:  {"Controlador":"practica","Accion":"index","Params":null} []
[2019-05-23 09:46:55] ppr.INFO: Kernel ha sido lanzado [] []
[2019-05-23 09:46:55] ppr.INFO: Ruta solicitada:  {"Controlador":"hacertest","Accion":"elegido","Params":null} []
[2019-05-23 09:51:47] ppr.INFO: Kernel ha sido lanzado [] []
[2019-05-23 09:51:47] ppr.INFO: Ruta solicitada:  {"Controlador":"hacertest","Accion":"elegido","Params":null} []
[2019-05-23 09:55:58] ppr.INFO: Kernel ha sido lanzado [] []
[2019-05-23 09:55:58] ppr.INFO: Ruta solicitada:  {"Controlador":"hacertest","Accion":"dashboard","Params":null} []
[2019-05-23 09:56:04] ppr.INFO: Kernel ha sido lanzado [] []
[2019-05-23 09:56:04] ppr.INFO: Ruta solicitada:  {"Controlador":"hacertest","Accion":"dashboard","Params":null} []
[2019-05-23 09:56:06] ppr.INFO: Kernel ha sido lanzado [] []
[2019-05-23 09:56:06] ppr.INFO: Ruta solicitada:  {"Controlador":"practica","Accion":"index","Params":null} []
[2019-05-23 09:56:12] ppr.INFO: Kernel ha sido lanzado [] []
[2019-05-23 09:56:12] ppr.INFO: Ruta solicitada:  {"Controlador":"hacertest","Accion":"elegido","Params":null} []
[2019-05-23 09:57:12] ppr.INFO: Kernel ha sido lanzado [] []
[2019-05-23 09:57:12] ppr.INFO: Ruta solicitada:  {"Controlador":"practica","Accion":"index","Params":null} []
[2019-05-23 09:57:15] ppr.INFO: Kernel ha sido lanzado [] []
[2019-05-23 09:57:15] ppr.INFO: Ruta solicitada:  {"Controlador":"practica","Accion":"index","Params":null} []
[2019-05-23 09:57:17] ppr.INFO: Kernel ha sido lanzado [] []
[2019-05-23 09:57:17] ppr.INFO: Ruta solicitada:  {"Controlador":"hacertest","Accion":"elegido","Params":null} []
[2019-05-23 09:57:35] ppr.INFO: Kernel ha sido lanzado [] []
[2019-05-23 09:57:35] ppr.INFO: Ruta solicitada:  {"Controlador":"hacertest","Accion":"elegido","Params":null} []
[2019-05-23 09:58:36] ppr.INFO: Kernel ha sido lanzado [] []
[2019-05-23 09:58:36] ppr.INFO: Ruta solicitada:  {"Controlador":"practica","Accion":"index","Params":null} []
[2019-05-23 09:58:39] ppr.INFO: Kernel ha sido lanzado [] []
[2019-05-23 09:58:39] ppr.INFO: Ruta solicitada:  {"Controlador":"practica","Accion":"index","Params":null} []
[2019-05-23 09:58:43] ppr.INFO: Kernel ha sido lanzado [] []
[2019-05-23 09:58:43] ppr.INFO: Ruta solicitada:  {"Controlador":"hacertest","Accion":"elegido","Params":null} []
[2019-05-23 10:00:02] ppr.INFO: Kernel ha sido lanzado [] []
[2019-05-23 10:00:02] ppr.INFO: Ruta solicitada:  {"Controlador":"practica","Accion":"index","Params":null} []
[2019-05-23 10:00:03] ppr.INFO: Kernel ha sido lanzado [] []
[2019-05-23 10:00:03] ppr.INFO: Ruta solicitada:  {"Controlador":"practica","Accion":"index","Params":null} []
[2019-05-23 10:00:05] ppr.INFO: Kernel ha sido lanzado [] []
[2019-05-23 10:00:05] ppr.INFO: Ruta solicitada:  {"Controlador":"hacertest","Accion":"elegido","Params":null} []
[2019-05-23 10:00:54] ppr.INFO: Kernel ha sido lanzado [] []
[2019-05-23 10:00:54] ppr.INFO: Ruta solicitada:  {"Controlador":"hacertest","Accion":"elegido","Params":null} []
[2019-05-23 10:01:41] ppr.INFO: Kernel ha sido lanzado [] []
[2019-05-23 10:01:41] ppr.INFO: Ruta solicitada:  {"Controlador":"practica","Accion":"index","Params":null} []
[2019-05-23 10:01:43] ppr.INFO: Kernel ha sido lanzado [] []
[2019-05-23 10:01:43] ppr.INFO: Ruta solicitada:  {"Controlador":"practica","Accion":"index","Params":null} []
[2019-05-23 10:01:45] ppr.INFO: Kernel ha sido lanzado [] []
[2019-05-23 10:01:45] ppr.INFO: Ruta solicitada:  {"Controlador":"hacertest","Accion":"elegido","Params":null} []
[2019-05-23 10:13:05] ppr.INFO: Kernel ha sido lanzado [] []
[2019-05-23 10:13:05] ppr.INFO: Ruta solicitada:  {"Controlador":"practica","Accion":"index","Params":null} []
[2019-05-23 10:13:08] ppr.INFO: Kernel ha sido lanzado [] []
[2019-05-23 10:13:08] ppr.INFO: Ruta solicitada:  {"Controlador":"hacertest","Accion":"elegido","Params":null} []
[2019-05-23 10:34:53] ppr.INFO: Kernel ha sido lanzado [] []
[2019-05-23 10:34:53] ppr.INFO: Ruta solicitada:  {"Controlador":"practica","Accion":"index","Params":null} []
[2019-05-23 10:34:56] ppr.INFO: Kernel ha sido lanzado [] []
[2019-05-23 10:34:56] ppr.INFO: Ruta solicitada:  {"Controlador":"hacertest","Accion":"elegido","Params":null} []
[2019-05-23 10:36:56] ppr.INFO: Kernel ha sido lanzado [] []
[2019-05-23 10:36:56] ppr.INFO: Ruta solicitada:  {"Controlador":"practica","Accion":"index","Params":null} []
[2019-05-23 10:37:00] ppr.INFO: Kernel ha sido lanzado [] []
[2019-05-23 10:37:00] ppr.INFO: Ruta solicitada:  {"Controlador":"hacertest","Accion":"elegido","Params":null} []
[2019-05-23 10:38:05] ppr.INFO: Kernel ha sido lanzado [] []
[2019-05-23 10:38:05] ppr.INFO: Ruta solicitada:  {"Controlador":"practica","Accion":"index","Params":null} []
[2019-05-23 10:38:06] ppr.INFO: Kernel ha sido lanzado [] []
[2019-05-23 10:38:06] ppr.INFO: Ruta solicitada:  {"Controlador":"practica","Accion":"index","Params":null} []
[2019-05-23 10:38:10] ppr.INFO: Kernel ha sido lanzado [] []
[2019-05-23 10:38:10] ppr.INFO: Ruta solicitada:  {"Controlador":"hacertest","Accion":"elegido","Params":null} []
[2019-05-23 10:50:24] ppr.INFO: Kernel ha sido lanzado [] []
[2019-05-23 10:50:24] ppr.INFO: Ruta solicitada:  {"Controlador":"practica","Accion":"index","Params":null} []
[2019-05-23 10:50:27] ppr.INFO: Kernel ha sido lanzado [] []
[2019-05-23 10:50:27] ppr.INFO: Ruta solicitada:  {"Controlador":"practica","Accion":"index","Params":null} []
[2019-05-23 10:50:30] ppr.INFO: Kernel ha sido lanzado [] []
[2019-05-23 10:50:30] ppr.INFO: Ruta solicitada:  {"Controlador":"hacertest","Accion":"elegido","Params":null} []
[2019-05-23 10:52:44] ppr.INFO: Kernel ha sido lanzado [] []
[2019-05-23 10:52:44] ppr.INFO: Ruta solicitada:  {"Controlador":"practica","Accion":"index","Params":null} []
[2019-05-23 10:52:47] ppr.INFO: Kernel ha sido lanzado [] []
[2019-05-23 10:52:47] ppr.INFO: Ruta solicitada:  {"Controlador":"practica","Accion":"index","Params":null} []
[2019-05-23 10:52:50] ppr.INFO: Kernel ha sido lanzado [] []
[2019-05-23 10:52:50] ppr.INFO: Ruta solicitada:  {"Controlador":"hacertest","Accion":"elegido","Params":null} []
[2019-05-23 10:53:32] ppr.INFO: Kernel ha sido lanzado [] []
[2019-05-23 10:53:32] ppr.INFO: Ruta solicitada:  {"Controlador":"practica","Accion":"index","Params":null} []
[2019-05-23 10:53:33] ppr.INFO: Kernel ha sido lanzado [] []
[2019-05-23 10:53:33] ppr.INFO: Ruta solicitada:  {"Controlador":"practica","Accion":"index","Params":null} []
[2019-05-23 10:53:36] ppr.INFO: Kernel ha sido lanzado [] []
[2019-05-23 10:53:36] ppr.INFO: Ruta solicitada:  {"Controlador":"hacertest","Accion":"elegido","Params":null} []
[2019-05-23 10:54:35] ppr.INFO: Kernel ha sido lanzado [] []
[2019-05-23 10:54:35] ppr.INFO: Ruta solicitada:  {"Controlador":"hacertest","Accion":"elegido","Params":null} []
[2019-05-23 10:55:24] ppr.INFO: Kernel ha sido lanzado [] []
[2019-05-23 10:55:24] ppr.INFO: Ruta solicitada:  {"Controlador":"hacertest","Accion":"elegido","Params":null} []
[2019-05-23 10:55:57] ppr.INFO: Kernel ha sido lanzado [] []
[2019-05-23 10:55:57] ppr.INFO: Ruta solicitada:  {"Controlador":"hacertest","Accion":"elegido","Params":null} []
[2019-05-23 10:57:50] ppr.INFO: Kernel ha sido lanzado [] []
[2019-05-23 10:57:50] ppr.INFO: Ruta solicitada:  {"Controlador":"hacertest","Accion":"elegido","Params":null} []
[2019-05-23 10:58:54] ppr.INFO: Kernel ha sido lanzado [] []
[2019-05-23 10:58:54] ppr.INFO: Ruta solicitada:  {"Controlador":"hacertest","Accion":"elegido","Params":null} []
[2019-05-23 11:02:31] ppr.INFO: Kernel ha sido lanzado [] []
[2019-05-23 11:02:31] ppr.INFO: Ruta solicitada:  {"Controlador":"hacertest","Accion":"elegido","Params":null} []
[2019-05-23 11:03:24] ppr.INFO: Kernel ha sido lanzado [] []
[2019-05-23 11:03:24] ppr.INFO: Ruta solicitada:  {"Controlador":"hacertest","Accion":"elegido","Params":null} []
[2019-05-23 11:04:07] ppr.INFO: Kernel ha sido lanzado [] []
[2019-05-23 11:04:07] ppr.INFO: Ruta solicitada:  {"Controlador":"hacertest","Accion":"elegido","Params":null} []
[2019-05-23 11:05:31] ppr.INFO: Kernel ha sido lanzado [] []
[2019-05-23 11:05:31] ppr.INFO: Ruta solicitada:  {"Controlador":"hacertest","Accion":"elegido","Params":null} []
[2019-05-23 11:07:06] ppr.INFO: Kernel ha sido lanzado [] []
[2019-05-23 11:07:06] ppr.INFO: Ruta solicitada:  {"Controlador":"hacertest","Accion":"elegido","Params":null} []
[2019-05-23 11:07:50] ppr.INFO: Kernel ha sido lanzado [] []
[2019-05-23 11:07:50] ppr.INFO: Ruta solicitada:  {"Controlador":"hacertest","Accion":"elegido","Params":null} []
[2019-05-23 11:10:03] ppr.INFO: Kernel ha sido lanzado [] []
[2019-05-23 11:10:03] ppr.INFO: Ruta solicitada:  {"Controlador":"hacertest","Accion":"elegido","Params":null} []
[2019-05-23 11:10:56] ppr.INFO: Kernel ha sido lanzado [] []
[2019-05-23 11:10:56] ppr.INFO: Ruta solicitada:  {"Controlador":"hacertest","Accion":"elegido","Params":null} []
[2019-05-23 11:12:51] ppr.INFO: Kernel ha sido lanzado [] []
[2019-05-23 11:12:51] ppr.INFO: Ruta solicitada:  {"Controlador":"hacertest","Accion":"elegido","Params":null} []
[2019-05-23 11:13:30] ppr.INFO: Kernel ha sido lanzado [] []
[2019-05-23 11:13:30] ppr.INFO: Ruta solicitada:  {"Controlador":"hacertest","Accion":"elegido","Params":null} []
[2019-05-23 11:14:58] ppr.INFO: Kernel ha sido lanzado [] []
[2019-05-23 11:14:58] ppr.INFO: Ruta solicitada:  {"Controlador":"hacertest","Accion":"elegido","Params":null} []
[2019-05-23 11:16:07] ppr.INFO: Kernel ha sido lanzado [] []
[2019-05-23 11:16:07] ppr.INFO: Ruta solicitada:  {"Controlador":"hacertest","Accion":"elegido","Params":null} []
[2019-05-23 11:16:52] ppr.INFO: Kernel ha sido lanzado [] []
[2019-05-23 11:16:52] ppr.INFO: Ruta solicitada:  {"Controlador":"hacertest","Accion":"elegido","Params":null} []
[2019-05-23 11:18:22] ppr.INFO: Kernel ha sido lanzado [] []
[2019-05-23 11:18:22] ppr.INFO: Ruta solicitada:  {"Controlador":"hacertest","Accion":"elegido","Params":null} []
[2019-05-23 11:18:34] ppr.INFO: Kernel ha sido lanzado [] []
[2019-05-23 11:18:34] ppr.INFO: Ruta solicitada:  {"Controlador":"hacertest","Accion":"elegido","Params":null} []
[2019-05-23 11:18:34] ppr.INFO: Kernel ha sido lanzado [] []
[2019-05-23 11:18:34] ppr.INFO: Ruta solicitada:  {"Controlador":"hacertest","Accion":"","Params":null} []
[2019-05-23 11:18:34] ppr.INFO: Kernel ha sido lanzado [] []
[2019-05-23 11:18:34] ppr.INFO: Ruta solicitada:  {"Controlador":"hacertest","Accion":"","Params":null} []
[2019-05-23 11:18:34] ppr.INFO: Kernel ha sido lanzado [] []
[2019-05-23 11:18:34] ppr.INFO: Ruta solicitada:  {"Controlador":"hacertest","Accion":"","Params":null} []
[2019-05-23 11:18:34] ppr.INFO: Kernel ha sido lanzado [] []
[2019-05-23 11:18:34] ppr.INFO: Ruta solicitada:  {"Controlador":"hacertest","Accion":"","Params":null} []
[2019-05-23 11:18:34] ppr.INFO: Kernel ha sido lanzado [] []
[2019-05-23 11:18:34] ppr.INFO: Ruta solicitada:  {"Controlador":"hacertest","Accion":"","Params":null} []
[2019-05-23 11:18:34] ppr.INFO: Kernel ha sido lanzado [] []
[2019-05-23 11:18:34] ppr.INFO: Ruta solicitada:  {"Controlador":"hacertest","Accion":"","Params":null} []
[2019-05-23 11:18:34] ppr.INFO: Kernel ha sido lanzado [] []
[2019-05-23 11:18:34] ppr.INFO: Ruta solicitada:  {"Controlador":"hacertest","Accion":"","Params":null} []
[2019-05-23 11:18:34] ppr.INFO: Kernel ha sido lanzado [] []
[2019-05-23 11:18:34] ppr.INFO: Ruta solicitada:  {"Controlador":"hacertest","Accion":"","Params":null} []
[2019-05-23 11:18:34] ppr.INFO: Kernel ha sido lanzado [] []
[2019-05-23 11:18:34] ppr.INFO: Ruta solicitada:  {"Controlador":"hacertest","Accion":"","Params":null} []
[2019-05-23 11:18:34] ppr.INFO: Kernel ha sido lanzado [] []
[2019-05-23 11:18:34] ppr.INFO: Ruta solicitada:  {"Controlador":"hacertest","Accion":"","Params":null} []
[2019-05-23 11:18:34] ppr.INFO: Kernel ha sido lanzado [] []
[2019-05-23 11:18:34] ppr.INFO: Ruta solicitada:  {"Controlador":"hacertest","Accion":"","Params":null} []
[2019-05-23 11:18:34] ppr.INFO: Kernel ha sido lanzado [] []
[2019-05-23 11:18:34] ppr.INFO: Ruta solicitada:  {"Controlador":"hacertest","Accion":"","Params":null} []
[2019-05-23 11:18:34] ppr.INFO: Kernel ha sido lanzado [] []
[2019-05-23 11:18:34] ppr.INFO: Ruta solicitada:  {"Controlador":"hacertest","Accion":"","Params":null} []
[2019-05-23 11:18:34] ppr.INFO: Kernel ha sido lanzado [] []
[2019-05-23 11:18:34] ppr.INFO: Ruta solicitada:  {"Controlador":"hacertest","Accion":"","Params":null} []
[2019-05-23 11:18:34] ppr.INFO: Kernel ha sido lanzado [] []
[2019-05-23 11:18:34] ppr.INFO: Ruta solicitada:  {"Controlador":"hacertest","Accion":"","Params":null} []
[2019-05-23 11:18:34] ppr.INFO: Kernel ha sido lanzado [] []
[2019-05-23 11:18:34] ppr.INFO: Ruta solicitada:  {"Controlador":"hacertest","Accion":"","Params":null} []
[2019-05-23 11:18:34] ppr.INFO: Kernel ha sido lanzado [] []
[2019-05-23 11:18:34] ppr.INFO: Ruta solicitada:  {"Controlador":"hacertest","Accion":"","Params":null} []
[2019-05-23 11:18:34] ppr.INFO: Kernel ha sido lanzado [] []
[2019-05-23 11:18:34] ppr.INFO: Ruta solicitada:  {"Controlador":"hacertest","Accion":"","Params":null} []
[2019-05-23 11:18:34] ppr.INFO: Kernel ha sido lanzado [] []
[2019-05-23 11:18:34] ppr.INFO: Ruta solicitada:  {"Controlador":"hacertest","Accion":"","Params":null} []
[2019-05-23 11:18:42] ppr.INFO: Kernel ha sido lanzado [] []
[2019-05-23 11:18:42] ppr.INFO: Ruta solicitada:  {"Controlador":"","Accion":"index","Params":null} []
[2019-05-23 11:19:36] ppr.INFO: Kernel ha sido lanzado [] []
[2019-05-23 11:19:36] ppr.INFO: Ruta solicitada:  {"Controlador":"login","Accion":"sucio","Params":null} []
[2019-05-23 11:19:36] ppr.INFO: Kernel ha sido lanzado [] []
[2019-05-23 11:19:36] ppr.INFO: Ruta solicitada:  {"Controlador":"dashboard","Accion":"index","Params":null} []
[2019-05-23 11:29:14] ppr.INFO: Kernel ha sido lanzado [] []
[2019-05-23 11:29:14] ppr.INFO: Ruta solicitada:  {"Controlador":"practica","Accion":"index","Params":null} []
[2019-05-23 11:30:21] ppr.INFO: Kernel ha sido lanzado [] []
[2019-05-23 11:30:21] ppr.INFO: Ruta solicitada:  {"Controlador":"hacertest","Accion":"elegido","Params":null} []
